<?xml version="1.0" encoding="UTF-8"?>
<testsuite xmlns:xsi="http://www.w3.org/2001/XMLSchema-instance" xsi:noNamespaceSchemaLocation="https://maven.apache.org/surefire/maven-surefire-plugin/xsd/surefire-test-report-3.0.xsd" version="3.0" name="net.banking.bankingapplication.BankingapplicationApplicationTests" time="7.312" tests="1" errors="0" skipped="0" failures="0">
  <properties>
[...]
</properties>
  <testcase name="contextLoads" classname="net.banking.bankingapplication.BankingapplicationApplicationTests" time="0.728">
    <system-out><![CDATA[19:22:56.905 [main] INFO org.springframework.test.context.support.AnnotationConfigContextLoaderUtils -- Could not detect default configuration classes for test class [net.banking.bankingapplication.BankingapplicationApplicationTests]: BankingapplicationApplicationTests does not declare any static, non-private, non-final, nested classes annotated with @Configuration.
19:22:57.049 [main] INFO org.springframework.boot.test.context.SpringBootTestContextBootstrapper -- Found @SpringBootConfiguration net.banking.bankingapplication.BankingapplicationApplication for test class net.banking.bankingapplication.BankingapplicationApplicationTests

  .   ____          _            __ _ _
 /\\ / ___'_ __ _ _(_)_ __  __ _ \ \ \ \
( ( )\___ | '_ | '_| | '_ \/ _` | \ \ \ \
 \\/  ___)| |_)| | | | | || (_| |  ) ) ) )
  '  |____| .__|_| |_|_| |_\__, | / / / /
 =========|_|==============|___/=/_/_/_/
 :: Spring Boot ::                (v3.2.5)

2024-08-18T19:22:57.576+05:30  INFO 34460 --- [bankingapplication] [           main] n.b.b.BankingapplicationApplicationTests : Starting BankingapplicationApplicationTests using Java 17.0.9 with PID 34460 (started by HP in E:\Projects\backend-bank\bankingapplication)
2024-08-18T19:22:57.578+05:30  INFO 34460 --- [bankingapplication] [           main] n.b.b.BankingapplicationApplicationTests : No active profile set, falling back to 1 default profile: "default"
2024-08-18T19:22:58.158+05:30  INFO 34460 --- [bankingapplication] [           main] .s.d.r.c.RepositoryConfigurationDelegate : Bootstrapping Spring Data JPA repositories in DEFAULT mode.
2024-08-18T19:22:58.244+05:30  INFO 34460 --- [bankingapplication] [           main] .s.d.r.c.RepositoryConfigurationDelegate : Finished Spring Data repository scanning in 75 ms. Found 1 JPA repository interface.
2024-08-18T19:22:59.146+05:30  INFO 34460 --- [bankingapplication] [           main] o.hibernate.jpa.internal.util.LogHelper  : HHH000204: Processing PersistenceUnitInfo [name: default]
2024-08-18T19:22:59.219+05:30  INFO 34460 --- [bankingapplication] [           main] org.hibernate.Version                    : HHH000412: Hibernate ORM core version 6.4.4.Final
2024-08-18T19:22:59.264+05:30  INFO 34460 --- [bankingapplication] [           main] o.h.c.internal.RegionFactoryInitiator    : HHH000026: Second-level cache disabled
2024-08-18T19:22:59.722+05:30  INFO 34460 --- [bankingapplication] [           main] o.s.o.j.p.SpringPersistenceUnitInfo      : No LoadTimeWeaver setup: ignoring JPA class transformer
2024-08-18T19:22:59.761+05:30  INFO 34460 --- [bankingapplication] [           main] com.zaxxer.hikari.HikariDataSource       : HikariPool-1 - Starting...
2024-08-18T19:22:59.767+05:30  WARN 34460 --- [bankingapplication] [           main] c.zaxxer.hikari.util.DriverDataSource    : Registered driver with driverClassName=com.mysql.jdbc.Driver was not found, trying direct instantiation.
2024-08-18T19:23:00.722+05:30  INFO 34460 --- [bankingapplication] [           main] com.zaxxer.hikari.pool.HikariPool        : HikariPool-1 - Added connection com.mysql.cj.jdbc.ConnectionImpl@15ac02d5
2024-08-18T19:23:00.726+05:30  INFO 34460 --- [bankingapplication] [           main] com.zaxxer.hikari.HikariDataSource       : HikariPool-1 - Start completed.
2024-08-18T19:23:02.026+05:30  INFO 34460 --- [bankingapplication] [           main] o.h.e.t.j.p.i.JtaPlatformInitiator       : HHH000489: No JTA platform available (set 'hibernate.transaction.jta.platform' to enable JTA platform integration)
2024-08-18T19:23:02.170+05:30  INFO 34460 --- [bankingapplication] [           main] j.LocalContainerEntityManagerFactoryBean : Initialized JPA EntityManagerFactory for persistence unit 'default'
2024-08-18T19:23:02.672+05:30  WARN 34460 --- [bankingapplication] [           main] JpaBaseConfiguration$JpaWebConfiguration : spring.jpa.open-in-view is enabled by default. Therefore, database queries may be performed during view rendering. Explicitly configure spring.jpa.open-in-view to disable this warning
2024-08-18T19:23:03.192+05:30  INFO 34460 --- [bankingapplication] [           main] n.b.b.BankingapplicationApplicationTests : Started BankingapplicationApplicationTests in 5.914 seconds (process running for 7.267)
]]></system-out>
    <system-err><![CDATA[Loading class `com.mysql.jdbc.Driver'. This is deprecated. The new driver class is `com.mysql.cj.jdbc.Driver'. The driver is automatically registered via the SPI and manual loading of the driver class is generally unnecessary.
]]></system-err>
  </testcase>
</testsuite>